Arguments: 
  /Users/listingslab/.nvm/versions/node/v12.14.1/bin/node /Users/listingslab/.yarn/bin/yarn.js run

PATH: 
  /Users/listingslab/.rvm/gems/ruby-2.4.0/bin:/Users/listingslab/.rvm/gems/ruby-2.4.0@global/bin:/Users/listingslab/.rvm/rubies/ruby-2.4.0/bin:/Users/listingslab/.yarn/bin:/Users/listingslab/.config/yarn/global/node_modules/.bin:/Users/listingslab/.nvm/versions/node/v12.14.1/bin:/usr/local/bin:/usr/bin:/bin:/usr/sbin:/sbin:/Users/listingslab/.rvm/bin

Yarn version: 
  1.22.5

Node version: 
  12.14.1

Platform: 
  darwin x64

Trace: 
  SyntaxError: /Users/listingslab/Desktop/Node/npm/package.json: Unexpected token } in JSON at position 175
      at JSON.parse (<anonymous>)
      at /Users/listingslab/.yarn/lib/cli.js:1625:59
      at Generator.next (<anonymous>)
      at step (/Users/listingslab/.yarn/lib/cli.js:310:30)
      at /Users/listingslab/.yarn/lib/cli.js:321:13

npm manifest: 
  {
    "name": "@listingslab/toolkit",
    "version": "10.1.4",
    "description": "Globally Relevant JavaScript",
    "main": "index.js",
    "scripts": {
      "git": "$PWD/unix/git",
    },
    "repository": {
      "type": "git",
      "url": "git+https://github.com/listingslab-software/npm.git"
    },
    "author": {
      "name": "listingslab",
      "email": "listingslab@gmail.com"
    },
    "license": "MIT",
    "bugs": {
      "url": "https://github.com/listingslab-software/listingslab/issues"
    },
    "homepage": "https://listingslab.com/npm-package/",
    "keywords": [
      "pwa", 
      "react", 
      "react hooks", 
      "vanilla js", 
      "slugify",
      "serverless",
      "node"
    ]
  }

yarn manifest: 
  No manifest

Lockfile: 
  No lockfile
